<?xml version="1.0" encoding="UTF-8"?>
<testsuite xmlns:xsi="http://www.w3.org/2001/XMLSchema-instance" xsi:noNamespaceSchemaLocation="https://maven.apache.org/surefire/maven-surefire-plugin/xsd/surefire-test-report.xsd" name="SetupClass.TestRunnner" time="365.28" tests="43" errors="0" skipped="0" failures="0">
  <properties>
[...]
</properties>
  <testcase name="Given user is already on Website Home Page i" classname="Scenario: Test Sign up with Incorrect Data" time="0"/>
  <testcase name="Then user navigates to sign up page i" classname="Scenario: Test Sign up with Incorrect Data" time="0"/>
  <testcase name="Then user enter incorrect details to sign up i" classname="Scenario: Test Sign up with Incorrect Data" time="0"/>
  <testcase name="Then error message is displayed i" classname="Scenario: Test Sign up with Incorrect Data" time="0"/>
  <testcase name="Then user enter valid name i" classname="Scenario: Test Sign up with Incorrect Data" time="0"/>
  <testcase name="Then user enter valid email i" classname="Scenario: Test Sign up with Incorrect Data" time="0"/>
  <testcase name="Then user enter valid password and confirm password i" classname="Scenario: Test Sign up with Incorrect Data" time="0"/>
  <testcase name="Then user enter valid captcha i" classname="Scenario: Test Sign up with Incorrect Data" time="0"/>
  <testcase name="Then user click on register button to complete sign up i" classname="Scenario: Test Sign up with Incorrect Data" time="0"/>
  <testcase name="Scenario: Test Sign up with Incorrect Data" classname="Scenario: Test Sign up with Incorrect Data" time="0"/>
  <testcase name="Scenario: Test Sign up with Incorrect Data" classname="Scenario: Test Sign up with Incorrect Data" time="0"/>
  <testcase name="Given user is already on Website Home Page ii" classname="Scenario: Test Sign up with Incorrect Data" time="0"/>
  <testcase name="Then user navigates to sign up page ii" classname="Scenario: Test Sign up with Incorrect Data" time="0"/>
  <testcase name="Then user enter name ii" classname="Scenario: Test Sign up with Incorrect Data" time="0"/>
  <testcase name="Then user enter email ii" classname="Scenario: Test Sign up with Incorrect Data" time="0"/>
  <testcase name="Then user enter password and confirm password ii" classname="Scenario: Test Sign up with Incorrect Data" time="0"/>
  <testcase name="Then user enter captcha ii" classname="Scenario: Test Sign up with Incorrect Data" time="0"/>
  <testcase name="Then user click on register button to complete sign up ii" classname="Scenario: Test Sign up with Incorrect Data" time="0"/>
  <testcase name="Given user is already on Website Home Page iii" classname="Scenario: Test Forgot Password" time="0"/>
  <testcase name="Then user navigates to sign in page iii" classname="Scenario: Test Forgot Password" time="0"/>
  <testcase name="Then user click on Forgot Password link iii" classname="Scenario: Test Forgot Password" time="0"/>
  <testcase name="Then user enter email iii" classname="Scenario: Test Forgot Password" time="0"/>
  <testcase name="Then user click on submit button" classname="Scenario: Test Forgot Password" time="0"/>
  <testcase name="Then validate success message" classname="Scenario: Test Forgot Password" time="0"/>
  <testcase name="Scenario: Test Forgot Password" classname="Scenario: Test Forgot Password" time="0"/>
  <testcase name="Given user is already on Home Page of Geeks Website iv" classname="Scenario: Test Sign in for free User via Email" time="0"/>
  <testcase name="Then user navigates to login page iv" classname="Scenario: Test Sign in for free User via Email" time="0"/>
  <testcase name="Then user login to website iv" classname="Scenario: Test Sign in for free User via Email" time="0"/>
  <testcase name="Then user is redirected to Pricing page iv" classname="Scenario: Test Sign in for free User via Email" time="0"/>
  <testcase name="Then user signout of website iv" classname="Scenario: Test Sign in for free User via Email" time="0"/>
  <testcase name="Scenario: Test Sign in for free User via Email" classname="Scenario: Test Sign in for free User via Email" time="0.002"/>
  <testcase name="Given user is already on Home Page of Geeks Website v" classname="Scenario: Test Sign in for paid User via Email" time="0"/>
  <testcase name="Then user navigates to login page v" classname="Scenario: Test Sign in for paid User via Email" time="0"/>
  <testcase name="Then user login to website v" classname="Scenario: Test Sign in for paid User via Email" time="0"/>
  <testcase name="Then user is redirected my dashboard page v" classname="Scenario: Test Sign in for paid User via Email" time="0"/>
  <testcase name="Then user download a paid product v" classname="Scenario: Test Sign in for paid User via Email" time="0"/>
  <testcase name="Then user signout of website v" classname="Scenario: Test Sign in for paid User via Email" time="0"/>
  <testcase name="Scenario: Test Sign in for paid User via Email" classname="Scenario: Test Sign in for paid User via Email" time="0"/>
  <testcase name="Scenario: Test Sign in for paid User via Email" classname="Scenario: Test Sign in for paid User via Email" time="0"/>
  <testcase name="Given user is already on Home Page of Geeks Website vi" classname="Scenario: Test Sign in for paid User via Email" time="0"/>
  <testcase name="Then user navigates to login page vi" classname="Scenario: Test Sign in for paid User via Email" time="0"/>
  <testcase name="Then user login to website with invalid email and password vi" classname="Scenario: Test Sign in for paid User via Email" time="0"/>
  <testcase name="Then validate the error message vi" classname="Scenario: Test Sign in for paid User via Email" time="0"/>
</testsuite>